modules/module-wallet/android/build/intermediates/manifest_merge_blame_file/debug/manifest-merger-blame-debug-report.txt
1<?xml version="1.0" encoding="utf-8"?>
2<manifest xmlns:android="http://schemas.android.com/apk/res/android"
3    xmlns:tools="http://schemas.android.com/tools"
4    package="com.trademe.evrey.module.wallet" >
5
6    <uses-sdk android:minSdkVersion="23" />
7
8    <application>
8-->src/main/AndroidManifest.xml:3:5-5:19
9        <activity
9-->src/main/AndroidManifest.xml:4:9-81
10            android:name="com.trademe.evrey.module.wallet.WalletLoginActivity"
10-->src/main/AndroidManifest.xml:4:19-54
11            android:exported="false" />
11-->src/main/AndroidManifest.xml:4:55-79
12    </application>
13
14</manifest>